<?xml version="1.0" encoding="UTF-8"?>
<testsuite xmlns:xsi="http://www.w3.org/2001/XMLSchema-instance" xsi:noNamespaceSchemaLocation="https://maven.apache.org/surefire/maven-surefire-plugin/xsd/surefire-test-report.xsd" name="com.theom.challenge.api.ProgrammingChallengeApplicationTests" time="2.156" tests="7" errors="0" skipped="0" failures="0">
  <properties>
[...]
</properties>
  <testcase name="throwsWithNullKey" classname="com.theom.challenge.api.ProgrammingChallengeApplicationTests" time="0.192"/>
  <testcase name="cannotPutNullKey" classname="com.theom.challenge.api.ProgrammingChallengeApplicationTests" time="0.002"/>
  <testcase name="evictionWithSingletonCache" classname="com.theom.challenge.api.ProgrammingChallengeApplicationTests" time="0.003"/>
  <testcase name="cannotRemoveNullKey" classname="com.theom.challenge.api.ProgrammingChallengeApplicationTests" time="0.002"/>
  <testcase name="removeOneItem" classname="com.theom.challenge.api.ProgrammingChallengeApplicationTests" time="0.002"/>
  <testcase name="cannotPutNullValue" classname="com.theom.challenge.api.ProgrammingChallengeApplicationTests" time="0.002"/>
  <testcase name="logic" classname="com.theom.challenge.api.ProgrammingChallengeApplicationTests" time="0.003"/>
</testsuite>